Arguments: 
  /Users/linusk/.nvm/versions/node/v12.16.1/bin/node /usr/local/Cellar/yarn/1.22.4/libexec/bin/yarn.js add --dev @types/ggit

PATH: 
  /usr/local/opt/pyenv/shims:/Users/linusk/Library/Python/2.7/bin:/Users/linusk/scripts/bin:/usr/local/lib/ruby/gems/2.7.0/bin:/usr/local/opt/ruby/bin:/Users/linusk/.nvm/versions/node/v12.16.1/bin:/usr/local/bin:/usr/local/sbin:/usr/bin:/bin:/usr/sbin:/sbin:/usr/local/MacGPG2/bin:/Users/linusk/.sdkman/candidates/java/current/bin:/Users/linusk/.pyenv/shims:/Users/linusk/Library/Python/2.7/bin:/Users/linusk/scripts/bin:/usr/local/lib/ruby/gems/2.7.0/bin:/usr/local/opt/ruby/bin:/Users/linusk/.nvm/versions/node/v12.16.1/bin

Yarn version: 
  1.22.4

Node version: 
  12.16.1

Platform: 
  darwin x64

Trace: 
  Error: https://packages.atlassian.com/api/npm/npm-remote/@types%2fggit: not_found
      at Request.params.callback [as _callback] (/usr/local/Cellar/yarn/1.22.4/libexec/lib/cli.js:66987:18)
      at Request.self.callback (/usr/local/Cellar/yarn/1.22.4/libexec/lib/cli.js:140748:22)
      at Request.emit (events.js:311:20)
      at Request.<anonymous> (/usr/local/Cellar/yarn/1.22.4/libexec/lib/cli.js:141720:10)
      at Request.emit (events.js:311:20)
      at IncomingMessage.<anonymous> (/usr/local/Cellar/yarn/1.22.4/libexec/lib/cli.js:141642:12)
      at Object.onceWrapper (events.js:417:28)
      at IncomingMessage.emit (events.js:323:22)
      at endReadableNT (_stream_readable.js:1204:12)
      at processTicksAndRejections (internal/process/task_queues.js:84:21)

npm manifest: 
  {
    "name": "author-deets",
    "version": "1.0.0",
    "main": "index.js",
    "author": "Linus Karsai <lkarsai@atlassian.com>",
    "license": "MIT",
    "bin": {
      "author-deets": "./lib/index.js"
    },
    "dependencies": {
      "chalk": "^4.1.0",
      "clear": "^0.1.0",
      "commander": "^5.1.0",
      "figlet": "^1.5.0",
      "ggit": "^2.4.12",
      "lodash": "^4.17.19",
      "path": "^0.12.7"
    },
    "devDependencies": {
      "@types/lodash": "^4.14.157",
      "@types/node": "^14.0.22",
      "nodemon": "^2.0.4",
      "ts-node": "^8.10.2",
      "typescript": "^3.9.6"
    },
    "scripts": {
      "start": "nodemon --watch 'src/**/*.ts' --exec 'ts-node' lib/index.ts",
      "create": "npm run build && npm run test",
      "build": "tsc -p .",
      "test": "sudo npm i -g && pizza",
      "refresh": "rm -rf ./node_modules ./package-lock.json && npm install"
    }
  }

yarn manifest: 
  No manifest

Lockfile: 
  # THIS IS AN AUTOGENERATED FILE. DO NOT EDIT THIS FILE DIRECTLY.
  # yarn lockfile v1
  
  
  "@sindresorhus/is@^0.14.0":
    version "0.14.0"
    resolved "https://packages.atlassian.com/api/npm/npm-remote/@sindresorhus/is/-/is-0.14.0.tgz#9fb3a3cf3132328151f353de4632e01e52102bea"
    integrity sha1-n7OjzzEyMoFR81PeRjLgHlIQK+o=
  
  "@szmarczak/http-timer@^1.1.2":
    version "1.1.2"
    resolved "https://packages.atlassian.com/api/npm/npm-remote/@szmarczak/http-timer/-/http-timer-1.1.2.tgz#b1665e2c461a2cd92f4c1bbf50d5454de0d4b421"
    integrity sha1-sWZeLEYaLNkvTBu/UNVFTeDUtCE=
    dependencies:
      defer-to-connect "^1.0.1"
  
  "@types/color-name@^1.1.1":
    version "1.1.1"
    resolved "https://packages.atlassian.com/api/npm/npm-remote/@types/color-name/-/color-name-1.1.1.tgz#1c1261bbeaa10a8055bbc5d8ab84b7b2afc846a0"
    integrity sha1-HBJhu+qhCoBVu8XYq4S3sq/IRqA=
  
  "@types/lodash@^4.14.157":
    version "4.14.157"
    resolved "https://packages.atlassian.com/api/npm/npm-remote/@types/lodash/-/lodash-4.14.157.tgz#fdac1c52448861dfde1a2e1515dbc46e54926dc8"
    integrity sha1-/awcUkSIYd/eGi4VFdvEblSSbcg=
  
  "@types/node@^14.0.22":
    version "14.0.22"
    resolved "https://packages.atlassian.com/api/npm/npm-remote/@types/node/-/node-14.0.22.tgz#23ea4d88189cec7d58f9e6b66f786b215eb61bdc"
    integrity sha1-I+pNiBic7H1Y+ea2b3hrIV62G9w=
  
  abbrev@1:
    version "1.1.1"
    resolved "https://packages.atlassian.com/api/npm/npm-remote/abbrev/-/abbrev-1.1.1.tgz#f8f2c887ad10bf67f634f005b6987fed3179aac8"
    integrity sha1-+PLIh60Qv2f2NPAFtph/7TF5qsg=
  
  always-error@1.0.0:
    version "1.0.0"
    resolved "https://packages.atlassian.com/api/npm/npm-remote/always-error/-/always-error-1.0.0.tgz#95c84042cfa86f38c86ca6c2cc42c0a0103441b2"
    integrity sha1-lchAQs+obzjIbKbCzELAoBA0QbI=
  
  ansi-align@^3.0.0:
    version "3.0.0"
    resolved "https://packages.atlassian.com/api/npm/npm-remote/ansi-align/-/ansi-align-3.0.0.tgz#b536b371cf687caaef236c18d3e21fe3797467cb"
    integrity sha1-tTazcc9ofKrvI2wY0+If43l0Z8s=
    dependencies:
      string-width "^3.0.0"
  
  ansi-regex@^4.1.0:
    version "4.1.0"
    resolved "https://packages.atlassian.com/api/npm/npm-remote/ansi-regex/-/ansi-regex-4.1.0.tgz#8b9f8f08cf1acb843756a839ca8c7e3168c51997"
    integrity sha1-i5+PCM8ay4Q3Vqg5yox+MWjFGZc=
  
  ansi-regex@^5.0.0:
    version "5.0.0"
    resolved "https://packages.atlassian.com/api/npm/npm-remote/ansi-regex/-/ansi-regex-5.0.0.tgz#388539f55179bf39339c81af30a654d69f87cb75"
    integrity sha1-OIU59VF5vzkznIGvMKZU1p+Hy3U=
  
  ansi-styles@^4.1.0:
    version "4.2.1"
    resolved "https://packages.atlassian.com/api/npm/npm-remote/ansi-styles/-/ansi-styles-4.2.1.tgz#90ae75c424d008d2624c5bf29ead3177ebfcf359"
    integrity sha1-kK51xCTQCNJiTFvynq0xd+v881k=
    dependencies:
      "@types/color-name" "^1.1.1"
      color-convert "^2.0.1"
  
  anymatch@~3.1.1:
    version "3.1.1"
    resolved "https://packages.atlassian.com/api/npm/npm-remote/anymatch/-/anymatch-3.1.1.tgz#c55ecf02185e2469259399310c173ce31233b142"
    integrity sha1-xV7PAhheJGklk5kxDBc84xIzsUI=
    dependencies:
      normalize-path "^3.0.0"
      picomatch "^2.0.4"
  
  arg@^4.1.0:
    version "4.1.3"
    resolved "https://packages.atlassian.com/api/npm/npm-remote/arg/-/arg-4.1.3.tgz#269fc7ad5b8e42cb63c896d5666017261c144089"
    integrity sha1-Jp/HrVuOQstjyJbVZmAXJhwUQIk=
  
  asap@^2.0.0:
    version "2.0.6"
    resolved "https://packages.atlassian.com/api/npm/npm-remote/asap/-/asap-2.0.6.tgz#e50347611d7e690943208bbdafebcbc2fb866d46"
    integrity sha1-5QNHYR1+aQlDIIu9r+vLwvuGbUY=
  
  balanced-match@^1.0.0:
    version "1.0.0"
    resolved "https://packages.atlassian.com/api/npm/npm-remote/balanced-match/-/balanced-match-1.0.0.tgz#89b4d199ab2bee49de164ea02b89ce462d71b767"
    integrity sha1-ibTRmasr7kneFk6gK4nORi1xt2c=
  
  binary-extensions@^2.0.0:
    version "2.1.0"
    resolved "https://packages.atlassian.com/api/npm/npm-remote/binary-extensions/-/binary-extensions-2.1.0.tgz#30fa40c9e7fe07dbc895678cd287024dea241dd9"
    integrity sha1-MPpAyef+B9vIlWeM0ocCTeokHdk=
  
  bluebird@3.5.1:
    version "3.5.1"
    resolved "https://packages.atlassian.com/api/npm/npm-remote/bluebird/-/bluebird-3.5.1.tgz#d9551f9de98f1fcda1e683d17ee91a0602ee2eb9"
    integrity sha1-2VUfnemPH82h5oPRfukaBgLuLrk=
  
  bluebird@^3.5.1:
    version "3.7.2"
    resolved "https://packages.atlassian.com/api/npm/npm-remote/bluebird/-/bluebird-3.7.2.tgz#9f229c15be272454ffa973ace0dbee79a1b0c36f"
    integrity sha1-nyKcFb4nJFT/qXOs4NvueaGww28=
  
  boxen@^4.2.0:
    version "4.2.0"
    resolved "https://packages.atlassian.com/api/npm/npm-remote/boxen/-/boxen-4.2.0.tgz#e411b62357d6d6d36587c8ac3d5d974daa070e64"
    integrity sha1-5BG2I1fW1tNlh8isPV2XTaoHDmQ=
    dependencies:
      ansi-align "^3.0.0"
      camelcase "^5.3.1"
      chalk "^3.0.0"
      cli-boxes "^2.2.0"
      string-width "^4.1.0"
      term-size "^2.1.0"
      type-fest "^0.8.1"
      widest-line "^3.1.0"
  
  brace-expansion@^1.1.7:
    version "1.1.11"
    resolved "https://packages.atlassian.com/api/npm/npm-remote/brace-expansion/-/brace-expansion-1.1.11.tgz#3c7fcbf529d87226f3d2f52b966ff5271eb441dd"
    integrity sha1-PH/L9SnYcibz0vUrlm/1Jx60Qd0=
    dependencies:
      balanced-match "^1.0.0"
      concat-map "0.0.1"
  
  braces@~3.0.2:
    version "3.0.2"
    resolved "https://packages.atlassian.com/api/npm/npm-remote/braces/-/braces-3.0.2.tgz#3454e1a462ee8d599e236df336cd9ea4f8afe107"
    integrity sha1-NFThpGLujVmeI23zNs2epPiv4Qc=
    dependencies:
      fill-range "^7.0.1"
  
  buffer-from@^1.0.0:
    version "1.1.1"
    resolved "https://packages.atlassian.com/api/npm/npm-remote/buffer-from/-/buffer-from-1.1.1.tgz#32713bc028f75c02fdb710d7c7bcec1f2c6070ef"
    integrity sha1-MnE7wCj3XAL9txDXx7zsHyxgcO8=
  
  cacheable-request@^6.0.0:
    version "6.1.0"
    resolved "https://packages.atlassian.com/api/npm/npm-remote/cacheable-request/-/cacheable-request-6.1.0.tgz#20ffb8bd162ba4be11e9567d823db651052ca912"
    integrity sha1-IP+4vRYrpL4R6VZ9gj22UQUsqRI=
    dependencies:
      clone-response "^1.0.2"
      get-stream "^5.1.0"
      http-cache-semantics "^4.0.0"
      keyv "^3.0.0"
      lowercase-keys "^2.0.0"
      normalize-url "^4.1.0"
      responselike "^1.0.2"
  
  camelcase@^5.3.1:
    version "5.3.1"
    resolved "https://packages.atlassian.com/api/npm/npm-remote/camelcase/-/camelcase-5.3.1.tgz#e3c9b31569e106811df242f715725a1f4c494320"
    integrity sha1-48mzFWnhBoEd8kL3FXJaH0xJQyA=
  
  chalk@^3.0.0:
    version "3.0.0"
    resolved "https://packages.atlassian.com/api/npm/npm-remote/chalk/-/chalk-3.0.0.tgz#3f73c2bf526591f574cc492c51e2456349f844e4"
    integrity sha1-P3PCv1JlkfV0zEksUeJFY0n4ROQ=
    dependencies:
      ansi-styles "^4.1.0"
      supports-color "^7.1.0"
  
  chalk@^4.1.0:
    version "4.1.0"
    resolved "https://packages.atlassian.com/api/npm/npm-remote/chalk/-/chalk-4.1.0.tgz#4e14870a618d9e2edd97dd8345fd9d9dc315646a"
    integrity sha1-ThSHCmGNni7dl92DRf2dncMVZGo=
    dependencies:
      ansi-styles "^4.1.0"
      supports-color "^7.1.0"
  
  chdir-promise@0.6.2:
    version "0.6.2"
    resolved "https://packages.atlassian.com/api/npm/npm-remote/chdir-promise/-/chdir-promise-0.6.2.tgz#d4cfa0a96a112a8149341b69e2866d162f0e2dbd"
    integrity sha1-1M+gqWoRKoFJNBtp4oZtFi8OLb0=
    dependencies:
      bluebird "^3.5.1"
      check-more-types "2.24.0"
      debug "3.1.0"
      lazy-ass "1.6.0"
  
  check-more-types@2.24.0:
    version "2.24.0"
    resolved "https://packages.atlassian.com/api/npm/npm-remote/check-more-types/-/check-more-types-2.24.0.tgz#1420ffb10fd444dcfc79b43891bbfffd32a84600"
    integrity sha1-FCD/sQ/URNz8ebQ4kbv//TKoRgA=
  
  chokidar@^3.2.2:
    version "3.4.0"
    resolved "https://packages.atlassian.com/api/npm/npm-remote/chokidar/-/chokidar-3.4.0.tgz#b30611423ce376357c765b9b8f904b9fba3c0be8"
    integrity sha1-swYRQjzjdjV8dlubj5BLn7o8C+g=
    dependencies:
      anymatch "~3.1.1"
      braces "~3.0.2"
      glob-parent "~5.1.0"
      is-binary-path "~2.1.0"
      is-glob "~4.0.1"
      normalize-path "~3.0.0"
      readdirp "~3.4.0"
    optionalDependencies:
      fsevents "~2.1.2"
  
  ci-info@^2.0.0:
    version "2.0.0"
    resolved "https://packages.atlassian.com/api/npm/npm-remote/ci-info/-/ci-info-2.0.0.tgz#67a9e964be31a51e15e5010d58e6f12834002f46"
    integrity sha1-Z6npZL4xpR4V5QENWObxKDQAL0Y=
  
  clear@^0.1.0:
    version "0.1.0"
    resolved "https://packages.atlassian.com/api/npm/npm-remote/clear/-/clear-0.1.0.tgz#b81b1e03437a716984fd7ac97c87d73bdfe7048a"
    integrity sha1-uBseA0N6cWmE/XrJfIfXO9/nBIo=
  
  cli-boxes@^2.2.0:
    version "2.2.0"
    resolved "https://packages.atlassian.com/api/npm/npm-remote/cli-boxes/-/cli-boxes-2.2.0.tgz#538ecae8f9c6ca508e3c3c95b453fe93cb4c168d"
    integrity sha1-U47K6PnGylCOPDyVtFP+k8tMFo0=
  
  cli-table@0.3.1:
    version "0.3.1"
    resolved "https://packages.atlassian.com/api/npm/npm-remote/cli-table/-/cli-table-0.3.1.tgz#f53b05266a8b1a0b934b3d0821e6e2dc5914ae23"
    integrity sha1-9TsFJmqLGguTSz0IIebi3FkUriM=
    dependencies:
      colors "1.0.3"
  
  clone-response@^1.0.2:
    version "1.0.2"
    resolved "https://packages.atlassian.com/api/npm/npm-remote/clone-response/-/clone-response-1.0.2.tgz#d1dc973920314df67fbeb94223b4ee350239e96b"
    integrity sha1-0dyXOSAxTfZ/vrlCI7TuNQI56Ws=
    dependencies:
      mimic-response "^1.0.0"
  
  color-convert@^2.0.1:
    version "2.0.1"
    resolved "https://packages.atlassian.com/api/npm/npm-remote/color-convert/-/color-convert-2.0.1.tgz#72d3a68d598c9bdb3af2ad1e84f21d896abd4de3"
    integrity sha1-ctOmjVmMm9s68q0ehPIdiWq9TeM=
    dependencies:
      color-name "~1.1.4"
  
  color-name@~1.1.4:
    version "1.1.4"
    resolved "https://packages.atlassian.com/api/npm/npm-remote/color-name/-/color-name-1.1.4.tgz#c2a09a87acbde69543de6f63fa3995c826c536a2"
    integrity sha1-wqCah6y95pVD3m9j+jmVyCbFNqI=
  
  colors@1.0.3:
    version "1.0.3"
    resolved "https://packages.atlassian.com/api/npm/npm-remote/colors/-/colors-1.0.3.tgz#0433f44d809680fdeb60ed260f1b0c262e82a40b"
    integrity sha1-BDP0TYCWgP3rYO0mDxsMJi6CpAs=
  
  colors@1.3.2:
    version "1.3.2"
    resolved "https://packages.atlassian.com/api/npm/npm-remote/colors/-/colors-1.3.2.tgz#2df8ff573dfbf255af562f8ce7181d6b971a359b"
    integrity sha1-Lfj/Vz378lWvVi+M5xgda5caNZs=
  
  commander@2.17.1:
    version "2.17.1"
    resolved "https://packages.atlassian.com/api/npm/npm-remote/commander/-/commander-2.17.1.tgz#bd77ab7de6de94205ceacc72f1716d29f20a77bf"
    integrity sha1-vXerfebelCBc6sxy8XFtKfIKd78=
  
  commander@^5.1.0:
    version "5.1.0"
    resolved "https://packages.atlassian.com/api/npm/npm-remote/commander/-/commander-5.1.0.tgz#46abbd1652f8e059bddaef99bbdcb2ad9cf179ae"
    integrity sha1-Rqu9FlL44Fm92u+Zu9yyrZzxea4=
  
  concat-map@0.0.1:
    version "0.0.1"
    resolved "https://packages.atlassian.com/api/npm/npm-remote/concat-map/-/concat-map-0.0.1.tgz#d8a96bd77fd68df7793a73036a3ba0d5405d477b"
    integrity sha1-2Klr13/Wjfd5OnMDajug1UBdR3s=
  
  configstore@^5.0.1:
    version "5.0.1"
    resolved "https://packages.atlassian.com/api/npm/npm-remote/configstore/-/configstore-5.0.1.tgz#d365021b5df4b98cdd187d6a3b0e3f6a7cc5ed96"
    integrity sha1-02UCG130uYzdGH1qOw4/anzF7ZY=
    dependencies:
      dot-prop "^5.2.0"
      graceful-fs "^4.1.2"
      make-dir "^3.0.0"
      unique-string "^2.0.0"
      write-file-atomic "^3.0.0"
      xdg-basedir "^4.0.0"
  
  crypto-random-string@^2.0.0:
    version "2.0.0"
    resolved "https://packages.atlassian.com/api/npm/npm-remote/crypto-random-string/-/crypto-random-string-2.0.0.tgz#ef2a7a966ec11083388369baa02ebead229b30d5"
    integrity sha1-7yp6lm7BEIM4g2m6oC6+rSKbMNU=
  
  d3-helpers@0.3.0:
    version "0.3.0"
    resolved "https://packages.atlassian.com/api/npm/npm-remote/d3-helpers/-/d3-helpers-0.3.0.tgz#4b31dce4a2121a77336384574d893fbed5fb293d"
    integrity sha1-SzHc5KISGnczY4RXTYk/vtX7KT0=
  
  debug@3.1.0:
    version "3.1.0"
    resolved "https://packages.atlassian.com/api/npm/npm-remote/debug/-/debug-3.1.0.tgz#5bb5a0672628b64149566ba16819e61518c67261"
    integrity sha1-W7WgZyYotkFJVmuhaBnmFRjGcmE=
    dependencies:
      ms "2.0.0"
  
  debug@3.2.6, debug@^3.2.6:
    version "3.2.6"
    resolved "https://packages.atlassian.com/api/npm/npm-remote/debug/-/debug-3.2.6.tgz#e83d17de16d8a7efb7717edbe5fb10135eee629b"
    integrity sha1-6D0X3hbYp++3cX7b5fsQE17uYps=
    dependencies:
      ms "^2.1.1"
  
  debug@^2.2.0:
    version "2.6.9"
    resolved "https://packages.atlassian.com/api/npm/npm-remote/debug/-/debug-2.6.9.tgz#5d128515df134ff327e90a4c93f4e077a536341f"
    integrity sha1-XRKFFd8TT/Mn6QpMk/Tgd6U2NB8=
    dependencies:
      ms "2.0.0"
  
  decompress-response@^3.3.0:
    version "3.3.0"
    resolved "https://packages.atlassian.com/api/npm/npm-remote/decompress-response/-/decompress-response-3.3.0.tgz#80a4dd323748384bfa248083622aedec982adff3"
    integrity sha1-gKTdMjdIOEv6JICDYirt7Jgq3/M=
    dependencies:
      mimic-response "^1.0.0"
  
  deep-extend@^0.6.0:
    version "0.6.0"
    resolved "https://packages.atlassian.com/api/npm/npm-remote/deep-extend/-/deep-extend-0.6.0.tgz#c4fa7c95404a17a9c3e8ca7e1537312b736330ac"
    integrity sha1-xPp8lUBKF6nD6Mp+FTcxK3NjMKw=
  
  defer-to-connect@^1.0.1:
    version "1.1.3"
    resolved "https://packages.atlassian.com/api/npm/npm-remote/defer-to-connect/-/defer-to-connect-1.1.3.tgz#331ae050c08dcf789f8c83a7b81f0ed94f4ac591"
    integrity sha1-MxrgUMCNz3ifjIOnuB8O2U9KxZE=
  
  diff@^4.0.1:
    version "4.0.2"
    resolved "https://packages.atlassian.com/api/npm/npm-remote/diff/-/diff-4.0.2.tgz#60f3aecb89d5fae520c11aa19efc2bb982aade7d"
    integrity sha1-YPOuy4nV+uUgwRqhnvwruYKq3n0=
  
  dot-prop@^5.2.0:
    version "5.2.0"
    resolved "https://packages.atlassian.com/api/npm/npm-remote/dot-prop/-/dot-prop-5.2.0.tgz#c34ecc29556dc45f1f4c22697b6f4904e0cc4fcb"
    integrity sha1-w07MKVVtxF8fTCJpe29JBODMT8s=
    dependencies:
      is-obj "^2.0.0"
  
  duplexer3@^0.1.4:
    version "0.1.4"
    resolved "https://packages.atlassian.com/api/npm/npm-remote/duplexer3/-/duplexer3-0.1.4.tgz#ee01dd1cac0ed3cbc7fdbea37dc0a8f1ce002ce2"
    integrity sha1-7gHdHKwO08vH/b6jfcCo8c4ALOI=
  
  emoji-regex@^7.0.1:
    version "7.0.3"
    resolved "https://packages.atlassian.com/api/npm/npm-remote/emoji-regex/-/emoji-regex-7.0.3.tgz#933a04052860c85e83c122479c4748a8e4c72156"
    integrity sha1-kzoEBShgyF6DwSJHnEdIqOTHIVY=
  
  emoji-regex@^8.0.0:
    version "8.0.0"
    resolved "https://packages.atlassian.com/api/npm/npm-remote/emoji-regex/-/emoji-regex-8.0.0.tgz#e818fd69ce5ccfcb404594f842963bf53164cc37"
    integrity sha1-6Bj9ac5cz8tARZT4QpY79TFkzDc=
  
  end-of-stream@^1.1.0:
    version "1.4.4"
    resolved "https://packages.atlassian.com/api/npm/npm-remote/end-of-stream/-/end-of-stream-1.4.4.tgz#5ae64a5f45057baf3626ec14da0ca5e4b2431eb0"
    integrity sha1-WuZKX0UFe682JuwU2gyl5LJDHrA=
    dependencies:
      once "^1.4.0"
  
  escape-goat@^2.0.0:
    version "2.1.1"
    resolved "https://packages.atlassian.com/api/npm/npm-remote/escape-goat/-/escape-goat-2.1.1.tgz#1b2dc77003676c457ec760b2dc68edb648188675"
    integrity sha1-Gy3HcANnbEV+x2Cy3GjttkgYhnU=
  
  figlet@^1.5.0:
    version "1.5.0"
    resolved "https://packages.atlassian.com/api/npm/npm-remote/figlet/-/figlet-1.5.0.tgz#2db4d00a584e5155a96080632db919213c3e003c"
    integrity sha1-LbTQClhOUVWpYIBjLbkZITw+ADw=
  
  fill-range@^7.0.1:
    version "7.0.1"
    resolved "https://packages.atlassian.com/api/npm/npm-remote/fill-range/-/fill-range-7.0.1.tgz#1919a6a7c75fe38b2c7c77e5198535da9acdda40"
    integrity sha1-GRmmp8df44ssfHflGYU12prN2kA=
    dependencies:
      to-regex-range "^5.0.1"
  
  find-up@3.0.0:
    version "3.0.0"
    resolved "https://packages.atlassian.com/api/npm/npm-remote/find-up/-/find-up-3.0.0.tgz#49169f1d7993430646da61ecc5ae355c21c97b73"
    integrity sha1-SRafHXmTQwZG2mHsxa41XCHJe3M=
    dependencies:
      locate-path "^3.0.0"
  
  fs.realpath@^1.0.0:
    version "1.0.0"
    resolved "https://packages.atlassian.com/api/npm/npm-remote/fs.realpath/-/fs.realpath-1.0.0.tgz#1504ad2523158caa40db4a2787cb01411994ea4f"
    integrity sha1-FQStJSMVjKpA20onh8sBQRmU6k8=
  
  fsevents@~2.1.2:
    version "2.1.3"
    resolved "https://packages.atlassian.com/api/npm/npm-remote/fsevents/-/fsevents-2.1.3.tgz#fb738703ae8d2f9fe900c33836ddebee8b97f23e"
    integrity sha1-+3OHA66NL5/pAMM4Nt3r7ouX8j4=
  
  get-stream@^4.1.0:
    version "4.1.0"
    resolved "https://packages.atlassian.com/api/npm/npm-remote/get-stream/-/get-stream-4.1.0.tgz#c1b255575f3dc21d59bfc79cd3d2b46b1c3a54b5"
    integrity sha1-wbJVV189wh1Zv8ec09K0axw6VLU=
    dependencies:
      pump "^3.0.0"
  
  get-stream@^5.1.0:
    version "5.1.0"
    resolved "https://packages.atlassian.com/api/npm/npm-remote/get-stream/-/get-stream-5.1.0.tgz#01203cdc92597f9b909067c3e656cc1f4d3c4dc9"
    integrity sha1-ASA83JJZf5uQkGfD5lbMH008Tck=
    dependencies:
      pump "^3.0.0"
  
  ggit@^2.4.12:
    version "2.4.12"
    resolved "https://packages.atlassian.com/api/npm/npm-remote/ggit/-/ggit-2.4.12.tgz#0e605322d316c6772425757c17680bf830535d62"
    integrity sha1-DmBTItMWxnckJXV8F2gL+DBTXWI=
    dependencies:
      always-error "1.0.0"
      bluebird "3.5.1"
      chdir-promise "0.6.2"
      check-more-types "2.24.0"
      cli-table "0.3.1"
      colors "1.3.2"
      commander "2.17.1"
      d3-helpers "0.3.0"
      debug "3.2.6"
      find-up "3.0.0"
      glob "7.1.3"
      lazy-ass "1.6.0"
      lodash "4.17.15"
      moment "2.23.0"
      moment-timezone "0.5.23"
      optimist "0.6.1"
      pluralize "7.0.0"
      q "2.0.3"
      quote "0.4.0"
      ramda "0.26.1"
      semver "5.6.0"
  
  glob-parent@~5.1.0:
    version "5.1.1"
    resolved "https://packages.atlassian.com/api/npm/npm-remote/glob-parent/-/glob-parent-5.1.1.tgz#b6c1ef417c4e5663ea498f1c45afac6916bbc229"
    integrity sha1-tsHvQXxOVmPqSY8cRa+saRa7wik=
    dependencies:
      is-glob "^4.0.1"
  
  glob@7.1.3:
    version "7.1.3"
    resolved "https://packages.atlassian.com/api/npm/npm-remote/glob/-/glob-7.1.3.tgz#3960832d3f1574108342dafd3a67b332c0969df1"
    integrity sha1-OWCDLT8VdBCDQtr9OmezMsCWnfE=
    dependencies:
      fs.realpath "^1.0.0"
      inflight "^1.0.4"
      inherits "2"
      minimatch "^3.0.4"
      once "^1.3.0"
      path-is-absolute "^1.0.0"
  
  global-dirs@^2.0.1:
    version "2.0.1"
    resolved "https://packages.atlassian.com/api/npm/npm-remote/global-dirs/-/global-dirs-2.0.1.tgz#acdf3bb6685bcd55cb35e8a052266569e9469201"
    integrity sha1-rN87tmhbzVXLNeigUiZlaelGkgE=
    dependencies:
      ini "^1.3.5"
  
  got@^9.6.0:
    version "9.6.0"
    resolved "https://packages.atlassian.com/api/npm/npm-remote/got/-/got-9.6.0.tgz#edf45e7d67f99545705de1f7bbeeeb121765ed85"
    integrity sha1-7fRefWf5lUVwXeH3u+7rEhdl7YU=
    dependencies:
      "@sindresorhus/is" "^0.14.0"
      "@szmarczak/http-timer" "^1.1.2"
      cacheable-request "^6.0.0"
      decompress-response "^3.3.0"
      duplexer3 "^0.1.4"
      get-stream "^4.1.0"
      lowercase-keys "^1.0.1"
      mimic-response "^1.0.1"
      p-cancelable "^1.0.0"
      to-readable-stream "^1.0.0"
      url-parse-lax "^3.0.0"
  
  graceful-fs@^4.1.2:
    version "4.2.4"
    resolved "https://packages.atlassian.com/api/npm/npm-remote/graceful-fs/-/graceful-fs-4.2.4.tgz#2256bde14d3632958c465ebc96dc467ca07a29fb"
    integrity sha1-Ila94U02MpWMRl68ltxGfKB6Kfs=
  
  has-flag@^3.0.0:
    version "3.0.0"
    resolved "https://packages.atlassian.com/api/npm/npm-remote/has-flag/-/has-flag-3.0.0.tgz#b5d454dc2199ae225699f3467e5a07f3b955bafd"
    integrity sha1-tdRU3CGZriJWmfNGfloH87lVuv0=
  
  has-flag@^4.0.0:
    version "4.0.0"
    resolved "https://packages.atlassian.com/api/npm/npm-remote/has-flag/-/has-flag-4.0.0.tgz#944771fd9c81c81265c4d6941860da06bb59479b"
    integrity sha1-lEdx/ZyByBJlxNaUGGDaBrtZR5s=
  
  has-yarn@^2.1.0:
    version "2.1.0"
    resolved "https://packages.atlassian.com/api/npm/npm-remote/has-yarn/-/has-yarn-2.1.0.tgz#137e11354a7b5bf11aa5cb649cf0c6f3ff2b2e77"
    integrity sha1-E34RNUp7W/EapctknPDG8/8rLnc=
  
  http-cache-semantics@^4.0.0:
    version "4.1.0"
    resolved "https://packages.atlassian.com/api/npm/npm-remote/http-cache-semantics/-/http-cache-semantics-4.1.0.tgz#49e91c5cbf36c9b94bcfcd71c23d5249ec74e390"
    integrity sha1-SekcXL82yblLz81xwj1SSex045A=
  
  ignore-by-default@^1.0.1:
    version "1.0.1"
    resolved "https://packages.atlassian.com/api/npm/npm-remote/ignore-by-default/-/ignore-by-default-1.0.1.tgz#48ca6d72f6c6a3af00a9ad4ae6876be3889e2b09"
    integrity sha1-SMptcvbGo68Aqa1K5odr44ieKwk=
  
  import-lazy@^2.1.0:
    version "2.1.0"
    resolved "https://packages.atlassian.com/api/npm/npm-remote/import-lazy/-/import-lazy-2.1.0.tgz#05698e3d45c88e8d7e9d92cb0584e77f096f3e43"
    integrity sha1-BWmOPUXIjo1+nZLLBYTnfwlvPkM=
  
  imurmurhash@^0.1.4:
    version "0.1.4"
    resolved "https://packages.atlassian.com/api/npm/npm-remote/imurmurhash/-/imurmurhash-0.1.4.tgz#9218b9b2b928a238b13dc4fb6b6d576f231453ea"
    integrity sha1-khi5srkoojixPcT7a21XbyMUU+o=
  
  inflight@^1.0.4:
    version "1.0.6"
    resolved "https://packages.atlassian.com/api/npm/npm-remote/inflight/-/inflight-1.0.6.tgz#49bd6331d7d02d0c09bc910a1075ba8165b56df9"
    integrity sha1-Sb1jMdfQLQwJvJEKEHW6gWW1bfk=
    dependencies:
      once "^1.3.0"
      wrappy "1"
  
  inherits@2:
    version "2.0.4"
    resolved "https://packages.atlassian.com/api/npm/npm-remote/inherits/-/inherits-2.0.4.tgz#0fa2c64f932917c3433a0ded55363aae37416b7c"
    integrity sha1-D6LGT5MpF8NDOg3tVTY6rjdBa3w=
  
  inherits@2.0.3:
    version "2.0.3"
    resolved "https://packages.atlassian.com/api/npm/npm-remote/inherits/-/inherits-2.0.3.tgz#633c2c83e3da42a502f52466022480f4208261de"
    integrity sha1-Yzwsg+PaQqUC9SRmAiSA9CCCYd4=
  
  ini@^1.3.5, ini@~1.3.0:
    version "1.3.5"
    resolved "https://packages.atlassian.com/api/npm/npm-remote/ini/-/ini-1.3.5.tgz#eee25f56db1c9ec6085e0c22778083f596abf927"
    integrity sha1-7uJfVtscnsYIXgwid4CD9Zar+Sc=
  
  is-binary-path@~2.1.0:
    version "2.1.0"
    resolved "https://packages.atlassian.com/api/npm/npm-remote/is-binary-path/-/is-binary-path-2.1.0.tgz#ea1f7f3b80f064236e83470f86c09c254fb45b09"
    integrity sha1-6h9/O4DwZCNug0cPhsCcJU+0Wwk=
    dependencies:
      binary-extensions "^2.0.0"
  
  is-ci@^2.0.0:
    version "2.0.0"
    resolved "https://packages.atlassian.com/api/npm/npm-remote/is-ci/-/is-ci-2.0.0.tgz#6bc6334181810e04b5c22b3d589fdca55026404c"
    integrity sha1-a8YzQYGBDgS1wis9WJ/cpVAmQEw=
    dependencies:
      ci-info "^2.0.0"
  
  is-extglob@^2.1.1:
    version "2.1.1"
    resolved "https://packages.atlassian.com/api/npm/npm-remote/is-extglob/-/is-extglob-2.1.1.tgz#a88c02535791f02ed37c76a1b9ea9773c833f8c2"
    integrity sha1-qIwCU1eR8C7TfHahueqXc8gz+MI=
  
  is-fullwidth-code-point@^2.0.0:
    version "2.0.0"
    resolved "https://packages.atlassian.com/api/npm/npm-remote/is-fullwidth-code-point/-/is-fullwidth-code-point-2.0.0.tgz#a3b30a5c4f199183167aaab93beefae3ddfb654f"
    integrity sha1-o7MKXE8ZkYMWeqq5O+764937ZU8=
  
  is-fullwidth-code-point@^3.0.0:
    version "3.0.0"
    resolved "https://packages.atlassian.com/api/npm/npm-remote/is-fullwidth-code-point/-/is-fullwidth-code-point-3.0.0.tgz#f116f8064fe90b3f7844a38997c0b75051269f1d"
    integrity sha1-8Rb4Bk/pCz94RKOJl8C3UFEmnx0=
  
  is-glob@^4.0.1, is-glob@~4.0.1:
    version "4.0.1"
    resolved "https://packages.atlassian.com/api/npm/npm-remote/is-glob/-/is-glob-4.0.1.tgz#7567dbe9f2f5e2467bc77ab83c4a29482407a5dc"
    integrity sha1-dWfb6fL14kZ7x3q4PEopSCQHpdw=
    dependencies:
      is-extglob "^2.1.1"
  
  is-installed-globally@^0.3.1:
    version "0.3.2"
    resolved "https://packages.atlassian.com/api/npm/npm-remote/is-installed-globally/-/is-installed-globally-0.3.2.tgz#fd3efa79ee670d1187233182d5b0a1dd00313141"
    integrity sha1-/T76ee5nDRGHIzGC1bCh3QAxMUE=
    dependencies:
      global-dirs "^2.0.1"
      is-path-inside "^3.0.1"
  
  is-npm@^4.0.0:
    version "4.0.0"
    resolved "https://packages.atlassian.com/api/npm/npm-remote/is-npm/-/is-npm-4.0.0.tgz#c90dd8380696df87a7a6d823c20d0b12bbe3c84d"
    integrity sha1-yQ3YOAaW34enptgjwg0LErvjyE0=
  
  is-number@^7.0.0:
    version "7.0.0"
    resolved "https://packages.atlassian.com/api/npm/npm-remote/is-number/-/is-number-7.0.0.tgz#7535345b896734d5f80c4d06c50955527a14f12b"
    integrity sha1-dTU0W4lnNNX4DE0GxQlVUnoU8Ss=
  
  is-obj@^2.0.0:
    version "2.0.0"
    resolved "https://packages.atlassian.com/api/npm/npm-remote/is-obj/-/is-obj-2.0.0.tgz#473fb05d973705e3fd9620545018ca8e22ef4982"
    integrity sha1-Rz+wXZc3BeP9liBUUBjKjiLvSYI=
  
  is-path-inside@^3.0.1:
    version "3.0.2"
    resolved "https://packages.atlassian.com/api/npm/npm-remote/is-path-inside/-/is-path-inside-3.0.2.tgz#f5220fc82a3e233757291dddc9c5877f2a1f3017"
    integrity sha1-9SIPyCo+IzdXKR3dycWHfyofMBc=
  
  is-typedarray@^1.0.0:
    version "1.0.0"
    resolved "https://packages.atlassian.com/api/npm/npm-remote/is-typedarray/-/is-typedarray-1.0.0.tgz#e479c80858df0c1b11ddda6940f96011fcda4a9a"
    integrity sha1-5HnICFjfDBsR3dppQPlgEfzaSpo=
  
  is-yarn-global@^0.3.0:
    version "0.3.0"
    resolved "https://packages.atlassian.com/api/npm/npm-remote/is-yarn-global/-/is-yarn-global-0.3.0.tgz#d502d3382590ea3004893746754c89139973e232"
    integrity sha1-1QLTOCWQ6jAEiTdGdUyJE5lz4jI=
  
  json-buffer@3.0.0:
    version "3.0.0"
    resolved "https://packages.atlassian.com/api/npm/npm-remote/json-buffer/-/json-buffer-3.0.0.tgz#5b1f397afc75d677bde8bcfc0e47e1f9a3d9a898"
    integrity sha1-Wx85evx11ne96Lz8Dkfh+aPZqJg=
  
  keyv@^3.0.0:
    version "3.1.0"
    resolved "https://packages.atlassian.com/api/npm/npm-remote/keyv/-/keyv-3.1.0.tgz#ecc228486f69991e49e9476485a5be1e8fc5c4d9"
    integrity sha1-7MIoSG9pmR5J6UdkhaW+Ho/FxNk=
    dependencies:
      json-buffer "3.0.0"
  
  latest-version@^5.0.0:
    version "5.1.0"
    resolved "https://packages.atlassian.com/api/npm/npm-remote/latest-version/-/latest-version-5.1.0.tgz#119dfe908fe38d15dfa43ecd13fa12ec8832face"
    integrity sha1-EZ3+kI/jjRXfpD7NE/oS7Igy+s4=
    dependencies:
      package-json "^6.3.0"
  
  lazy-ass@1.6.0:
    version "1.6.0"
    resolved "https://packages.atlassian.com/api/npm/npm-remote/lazy-ass/-/lazy-ass-1.6.0.tgz#7999655e8646c17f089fdd187d150d3324d54513"
    integrity sha1-eZllXoZGwX8In90YfRUNMyTVRRM=
  
  locate-path@^3.0.0:
    version "3.0.0"
    resolved "https://packages.atlassian.com/api/npm/npm-remote/locate-path/-/locate-path-3.0.0.tgz#dbec3b3ab759758071b58fe59fc41871af21400e"
    integrity sha1-2+w7OrdZdYBxtY/ln8QYca8hQA4=
    dependencies:
      p-locate "^3.0.0"
      path-exists "^3.0.0"
  
  lodash@4.17.15:
    version "4.17.15"
    resolved "https://packages.atlassian.com/api/npm/npm-remote/lodash/-/lodash-4.17.15.tgz#b447f6670a0455bbfeedd11392eff330ea097548"
    integrity sha1-tEf2ZwoEVbv+7dETku/zMOoJdUg=
  
  lodash@^4.17.19:
    version "4.17.19"
    resolved "https://packages.atlassian.com/api/npm/npm-remote/lodash/-/lodash-4.17.19.tgz#e48ddedbe30b3321783c5b4301fbd353bc1e4a4b"
    integrity sha1-5I3e2+MLMyF4PFtDAfvTU7weSks=
  
  lowercase-keys@^1.0.0, lowercase-keys@^1.0.1:
    version "1.0.1"
    resolved "https://packages.atlassian.com/api/npm/npm-remote/lowercase-keys/-/lowercase-keys-1.0.1.tgz#6f9e30b47084d971a7c820ff15a6c5167b74c26f"
    integrity sha1-b54wtHCE2XGnyCD/FabFFnt0wm8=
  
  lowercase-keys@^2.0.0:
    version "2.0.0"
    resolved "https://packages.atlassian.com/api/npm/npm-remote/lowercase-keys/-/lowercase-keys-2.0.0.tgz#2603e78b7b4b0006cbca2fbcc8a3202558ac9479"
    integrity sha1-JgPni3tLAAbLyi+8yKMgJVislHk=
  
  make-dir@^3.0.0:
    version "3.1.0"
    resolved "https://packages.atlassian.com/api/npm/npm-remote/make-dir/-/make-dir-3.1.0.tgz#415e967046b3a7f1d185277d84aa58203726a13f"
    integrity sha1-QV6WcEazp/HRhSd9hKpYIDcmoT8=
    dependencies:
      semver "^6.0.0"
  
  make-error@^1.1.1:
    version "1.3.6"
    resolved "https://packages.atlassian.com/api/npm/npm-remote/make-error/-/make-error-1.3.6.tgz#2eb2e37ea9b67c4891f684a1394799af484cf7a2"
    integrity sha1-LrLjfqm2fEiR9oShOUeZr0hM96I=
  
  mimic-response@^1.0.0, mimic-response@^1.0.1:
    version "1.0.1"
    resolved "https://packages.atlassian.com/api/npm/npm-remote/mimic-response/-/mimic-response-1.0.1.tgz#4923538878eef42063cb8a3e3b0798781487ab1b"
    integrity sha1-SSNTiHju9CBjy4o+OweYeBSHqxs=
  
  minimatch@^3.0.4:
    version "3.0.4"
    resolved "https://packages.atlassian.com/api/npm/npm-remote/minimatch/-/minimatch-3.0.4.tgz#5166e286457f03306064be5497e8dbb0c3d32083"
    integrity sha1-UWbihkV/AzBgZL5Ul+jbsMPTIIM=
    dependencies:
      brace-expansion "^1.1.7"
  
  minimist@^1.2.0:
    version "1.2.5"
    resolved "https://packages.atlassian.com/api/npm/npm-remote/minimist/-/minimist-1.2.5.tgz#67d66014b66a6a8aaa0c083c5fd58df4e4e97602"
    integrity sha1-Z9ZgFLZqaoqqDAg8X9WN9OTpdgI=
  
  minimist@~0.0.1:
    version "0.0.10"
    resolved "https://packages.atlassian.com/api/npm/npm-remote/minimist/-/minimist-0.0.10.tgz#de3f98543dbf96082be48ad1a0c7cda836301dcf"
    integrity sha1-3j+YVD2/lggr5IrRoMfNqDYwHc8=
  
  moment-timezone@0.5.23:
    version "0.5.23"
    resolved "https://packages.atlassian.com/api/npm/npm-remote/moment-timezone/-/moment-timezone-0.5.23.tgz#7cbb00db2c14c71b19303cb47b0fb0a6d8651463"
    integrity sha1-fLsA2ywUxxsZMDy0ew+wpthlFGM=
    dependencies:
      moment ">= 2.9.0"
  
  moment@2.23.0:
    version "2.23.0"
    resolved "https://packages.atlassian.com/api/npm/npm-remote/moment/-/moment-2.23.0.tgz#759ea491ac97d54bac5ad776996e2a58cc1bc225"
    integrity sha1-dZ6kkayX1UusWtd2mW4qWMwbwiU=
  
  "moment@>= 2.9.0":
    version "2.27.0"
    resolved "https://packages.atlassian.com/api/npm/npm-remote/moment/-/moment-2.27.0.tgz#8bff4e3e26a236220dfe3e36de756b6ebaa0105d"
    integrity sha1-i/9OPiaiNiIN/j423nVrbrqgEF0=
  
  ms@2.0.0:
    version "2.0.0"
    resolved "https://packages.atlassian.com/api/npm/npm-remote/ms/-/ms-2.0.0.tgz#5608aeadfc00be6c2901df5f9861788de0d597c8"
    integrity sha1-VgiurfwAvmwpAd9fmGF4jeDVl8g=
  
  ms@^2.1.1:
    version "2.1.2"
    resolved "https://packages.atlassian.com/api/npm/npm-remote/ms/-/ms-2.1.2.tgz#d09d1f357b443f493382a8eb3ccd183872ae6009"
    integrity sha1-0J0fNXtEP0kzgqjrPM0YOHKuYAk=
  
  nodemon@^2.0.4:
    version "2.0.4"
    resolved "https://packages.atlassian.com/api/npm/npm-remote/nodemon/-/nodemon-2.0.4.tgz#55b09319eb488d6394aa9818148c0c2d1c04c416"
    integrity sha1-VbCTGetIjWOUqpgYFIwMLRwExBY=
    dependencies:
      chokidar "^3.2.2"
      debug "^3.2.6"
      ignore-by-default "^1.0.1"
      minimatch "^3.0.4"
      pstree.remy "^1.1.7"
      semver "^5.7.1"
      supports-color "^5.5.0"
      touch "^3.1.0"
      undefsafe "^2.0.2"
      update-notifier "^4.0.0"
  
  nopt@~1.0.10:
    version "1.0.10"
    resolved "https://packages.atlassian.com/api/npm/npm-remote/nopt/-/nopt-1.0.10.tgz#6ddd21bd2a31417b92727dd585f8a6f37608ebee"
    integrity sha1-bd0hvSoxQXuScn3Vhfim83YI6+4=
    dependencies:
      abbrev "1"
  
  normalize-path@^3.0.0, normalize-path@~3.0.0:
    version "3.0.0"
    resolved "https://packages.atlassian.com/api/npm/npm-remote/normalize-path/-/normalize-path-3.0.0.tgz#0dcd69ff23a1c9b11fd0978316644a0388216a65"
    integrity sha1-Dc1p/yOhybEf0JeDFmRKA4ghamU=
  
  normalize-url@^4.1.0:
    version "4.5.0"
    resolved "https://packages.atlassian.com/api/npm/npm-remote/normalize-url/-/normalize-url-4.5.0.tgz#453354087e6ca96957bd8f5baf753f5982142129"
    integrity sha1-RTNUCH5sqWlXvY9br3U/WYIUISk=
  
  once@^1.3.0, once@^1.3.1, once@^1.4.0:
    version "1.4.0"
    resolved "https://packages.atlassian.com/api/npm/npm-remote/once/-/once-1.4.0.tgz#583b1aa775961d4b113ac17d9c50baef9dd76bd1"
    integrity sha1-WDsap3WWHUsROsF9nFC6753Xa9E=
    dependencies:
      wrappy "1"
  
  optimist@0.6.1:
    version "0.6.1"
    resolved "https://packages.atlassian.com/api/npm/npm-remote/optimist/-/optimist-0.6.1.tgz#da3ea74686fa21a19a111c326e90eb15a0196686"
    integrity sha1-2j6nRob6IaGaERwybpDrFaAZZoY=
    dependencies:
      minimist "~0.0.1"
      wordwrap "~0.0.2"
  
  p-cancelable@^1.0.0:
    version "1.1.0"
    resolved "https://packages.atlassian.com/api/npm/npm-remote/p-cancelable/-/p-cancelable-1.1.0.tgz#d078d15a3af409220c886f1d9a0ca2e441ab26cc"
    integrity sha1-0HjRWjr0CSIMiG8dmgyi5EGrJsw=
  
  p-limit@^2.0.0:
    version "2.3.0"
    resolved "https://packages.atlassian.com/api/npm/npm-remote/p-limit/-/p-limit-2.3.0.tgz#3dd33c647a214fdfffd835933eb086da0dc21db1"
    integrity sha1-PdM8ZHohT9//2DWTPrCG2g3CHbE=
    dependencies:
      p-try "^2.0.0"
  
  p-locate@^3.0.0:
    version "3.0.0"
    resolved "https://packages.atlassian.com/api/npm/npm-remote/p-locate/-/p-locate-3.0.0.tgz#322d69a05c0264b25997d9f40cd8a891ab0064a4"
    integrity sha1-Mi1poFwCZLJZl9n0DNiokasAZKQ=
    dependencies:
      p-limit "^2.0.0"
  
  p-try@^2.0.0:
    version "2.2.0"
    resolved "https://packages.atlassian.com/api/npm/npm-remote/p-try/-/p-try-2.2.0.tgz#cb2868540e313d61de58fafbe35ce9004d5540e6"
    integrity sha1-yyhoVA4xPWHeWPr741zpAE1VQOY=
  
  package-json@^6.3.0:
    version "6.5.0"
    resolved "https://packages.atlassian.com/api/npm/npm-remote/package-json/-/package-json-6.5.0.tgz#6feedaca35e75725876d0b0e64974697fed145b0"
    integrity sha1-b+7ayjXnVyWHbQsOZJdGl/7RRbA=
    dependencies:
      got "^9.6.0"
      registry-auth-token "^4.0.0"
      registry-url "^5.0.0"
      semver "^6.2.0"
  
  path-exists@^3.0.0:
    version "3.0.0"
    resolved "https://packages.atlassian.com/api/npm/npm-remote/path-exists/-/path-exists-3.0.0.tgz#ce0ebeaa5f78cb18925ea7d810d7b59b010fd515"
    integrity sha1-zg6+ql94yxiSXqfYENe1mwEP1RU=
  
  path-is-absolute@^1.0.0:
    version "1.0.1"
    resolved "https://packages.atlassian.com/api/npm/npm-remote/path-is-absolute/-/path-is-absolute-1.0.1.tgz#174b9268735534ffbc7ace6bf53a5a9e1b5c5f5f"
    integrity sha1-F0uSaHNVNP+8es5r9TpanhtcX18=
  
  path@^0.12.7:
    version "0.12.7"
    resolved "https://packages.atlassian.com/api/npm/npm-remote/path/-/path-0.12.7.tgz#d4dc2a506c4ce2197eb481ebfcd5b36c0140b10f"
    integrity sha1-1NwqUGxM4hl+tIHr/NWzbAFAsQ8=
    dependencies:
      process "^0.11.1"
      util "^0.10.3"
  
  picomatch@^2.0.4, picomatch@^2.2.1:
    version "2.2.2"
    resolved "https://packages.atlassian.com/api/npm/npm-remote/picomatch/-/picomatch-2.2.2.tgz#21f333e9b6b8eaff02468f5146ea406d345f4dad"
    integrity sha1-IfMz6ba46v8CRo9RRupAbTRfTa0=
  
  pluralize@7.0.0:
    version "7.0.0"
    resolved "https://packages.atlassian.com/api/npm/npm-remote/pluralize/-/pluralize-7.0.0.tgz#298b89df8b93b0221dbf421ad2b1b1ea23fc6777"
    integrity sha1-KYuJ34uTsCIdv0Ia0rGx6iP8Z3c=
  
  pop-iterate@^1.0.1:
    version "1.0.1"
    resolved "https://packages.atlassian.com/api/npm/npm-remote/pop-iterate/-/pop-iterate-1.0.1.tgz#ceacfdab4abf353d7a0f2aaa2c1fc7b3f9413ba3"
    integrity sha1-zqz9q0q/NT16DyqqLB/Hs/lBO6M=
  
  prepend-http@^2.0.0:
    version "2.0.0"
    resolved "https://packages.atlassian.com/api/npm/npm-remote/prepend-http/-/prepend-http-2.0.0.tgz#e92434bfa5ea8c19f41cdfd401d741a3c819d897"
    integrity sha1-6SQ0v6XqjBn0HN/UAddBo8gZ2Jc=
  
  process@^0.11.1:
    version "0.11.10"
    resolved "https://packages.atlassian.com/api/npm/npm-remote/process/-/process-0.11.10.tgz#7332300e840161bda3e69a1d1d91a7d4bc16f182"
    integrity sha1-czIwDoQBYb2j5podHZGn1LwW8YI=
  
  pstree.remy@^1.1.7:
    version "1.1.8"
    resolved "https://packages.atlassian.com/api/npm/npm-remote/pstree.remy/-/pstree.remy-1.1.8.tgz#c242224f4a67c21f686839bbdb4ac282b8373d3a"
    integrity sha1-wkIiT0pnwh9oaDm720rCgrg3PTo=
  
  pump@^3.0.0:
    version "3.0.0"
    resolved "https://packages.atlassian.com/api/npm/npm-remote/pump/-/pump-3.0.0.tgz#b4a2116815bde2f4e1ea602354e8c75565107a64"
    integrity sha1-tKIRaBW94vTh6mAjVOjHVWUQemQ=
    dependencies:
      end-of-stream "^1.1.0"
      once "^1.3.1"
  
  pupa@^2.0.1:
    version "2.0.1"
    resolved "https://packages.atlassian.com/api/npm/npm-remote/pupa/-/pupa-2.0.1.tgz#dbdc9ff48ffbea4a26a069b6f9f7abb051008726"
    integrity sha1-29yf9I/76komoGm2+fersFEAhyY=
    dependencies:
      escape-goat "^2.0.0"
  
  q@2.0.3:
    version "2.0.3"
    resolved "https://packages.atlassian.com/api/npm/npm-remote/q/-/q-2.0.3.tgz#75b8db0255a1a5af82f58c3f3aaa1efec7d0d134"
    integrity sha1-dbjbAlWhpa+C9Yw/Oqoe/sfQ0TQ=
    dependencies:
      asap "^2.0.0"
      pop-iterate "^1.0.1"
      weak-map "^1.0.5"
  
  quote@0.4.0:
    version "0.4.0"
    resolved "https://packages.atlassian.com/api/npm/npm-remote/quote/-/quote-0.4.0.tgz#10839217f6c1362b89194044d29b233fd7f32f01"
    integrity sha1-EIOSF/bBNiuJGUBE0psjP9fzLwE=
  
  ramda@0.26.1:
    version "0.26.1"
    resolved "https://packages.atlassian.com/api/npm/npm-remote/ramda/-/ramda-0.26.1.tgz#8d41351eb8111c55353617fc3bbffad8e4d35d06"
    integrity sha1-jUE1HrgRHFU1Nhf8O7/62OTTXQY=
  
  rc@^1.2.8:
    version "1.2.8"
    resolved "https://packages.atlassian.com/api/npm/npm-remote/rc/-/rc-1.2.8.tgz#cd924bf5200a075b83c188cd6b9e211b7fc0d3ed"
    integrity sha1-zZJL9SAKB1uDwYjNa54hG3/A0+0=
    dependencies:
      deep-extend "^0.6.0"
      ini "~1.3.0"
      minimist "^1.2.0"
      strip-json-comments "~2.0.1"
  
  readdirp@~3.4.0:
    version "3.4.0"
    resolved "https://packages.atlassian.com/api/npm/npm-remote/readdirp/-/readdirp-3.4.0.tgz#9fdccdf9e9155805449221ac645e8303ab5b9ada"
    integrity sha1-n9zN+ekVWAVEkiGsZF6DA6tbmto=
    dependencies:
      picomatch "^2.2.1"
  
  registry-auth-token@^4.0.0:
    version "4.1.1"
    resolved "https://packages.atlassian.com/api/npm/npm-remote/registry-auth-token/-/registry-auth-token-4.1.1.tgz#40a33be1e82539460f94328b0f7f0f84c16d9479"
    integrity sha1-QKM74eglOUYPlDKLD38PhMFtlHk=
    dependencies:
      rc "^1.2.8"
  
  registry-url@^5.0.0:
    version "5.1.0"
    resolved "https://packages.atlassian.com/api/npm/npm-remote/registry-url/-/registry-url-5.1.0.tgz#e98334b50d5434b81136b44ec638d9c2009c5009"
    integrity sha1-6YM0tQ1UNLgRNrROxjjZwgCcUAk=
    dependencies:
      rc "^1.2.8"
  
  responselike@^1.0.2:
    version "1.0.2"
    resolved "https://packages.atlassian.com/api/npm/npm-remote/responselike/-/responselike-1.0.2.tgz#918720ef3b631c5642be068f15ade5a46f4ba1e7"
    integrity sha1-kYcg7ztjHFZCvgaPFa3lpG9Loec=
    dependencies:
      lowercase-keys "^1.0.0"
  
  semver-diff@^3.1.1:
    version "3.1.1"
    resolved "https://packages.atlassian.com/api/npm/npm-remote/semver-diff/-/semver-diff-3.1.1.tgz#05f77ce59f325e00e2706afd67bb506ddb1ca32b"
    integrity sha1-Bfd85Z8yXgDicGr9Z7tQbdscoys=
    dependencies:
      semver "^6.3.0"
  
  semver@5.6.0:
    version "5.6.0"
    resolved "https://packages.atlassian.com/api/npm/npm-remote/semver/-/semver-5.6.0.tgz#7e74256fbaa49c75aa7c7a205cc22799cac80004"
    integrity sha1-fnQlb7qknHWqfHogXMInmcrIAAQ=
  
  semver@^5.7.1:
    version "5.7.1"
    resolved "https://packages.atlassian.com/api/npm/npm-remote/semver/-/semver-5.7.1.tgz#a954f931aeba508d307bbf069eff0c01c96116f7"
    integrity sha1-qVT5Ma66UI0we78Gnv8MAclhFvc=
  
  semver@^6.0.0, semver@^6.2.0, semver@^6.3.0:
    version "6.3.0"
    resolved "https://packages.atlassian.com/api/npm/npm-remote/semver/-/semver-6.3.0.tgz#ee0a64c8af5e8ceea67687b133761e1becbd1d3d"
    integrity sha1-7gpkyK9ejO6mdoexM3YeG+y9HT0=
  
  signal-exit@^3.0.2:
    version "3.0.3"
    resolved "https://packages.atlassian.com/api/npm/npm-remote/signal-exit/-/signal-exit-3.0.3.tgz#a1410c2edd8f077b08b4e253c8eacfcaf057461c"
    integrity sha1-oUEMLt2PB3sItOJTyOrPyvBXRhw=
  
  source-map-support@^0.5.17:
    version "0.5.19"
    resolved "https://packages.atlassian.com/api/npm/npm-remote/source-map-support/-/source-map-support-0.5.19.tgz#a98b62f86dcaf4f67399648c085291ab9e8fed61"
    integrity sha1-qYti+G3K9PZzmWSMCFKRq56P7WE=
    dependencies:
      buffer-from "^1.0.0"
      source-map "^0.6.0"
  
  source-map@^0.6.0:
    version "0.6.1"
    resolved "https://packages.atlassian.com/api/npm/npm-remote/source-map/-/source-map-0.6.1.tgz#74722af32e9614e9c287a8d0bbde48b5e2f1a263"
    integrity sha1-dHIq8y6WFOnCh6jQu95IteLxomM=
  
  string-width@^3.0.0:
    version "3.1.0"
    resolved "https://packages.atlassian.com/api/npm/npm-remote/string-width/-/string-width-3.1.0.tgz#22767be21b62af1081574306f69ac51b62203961"
    integrity sha1-InZ74htirxCBV0MG9prFG2IgOWE=
    dependencies:
      emoji-regex "^7.0.1"
      is-fullwidth-code-point "^2.0.0"
      strip-ansi "^5.1.0"
  
  string-width@^4.0.0, string-width@^4.1.0:
    version "4.2.0"
    resolved "https://packages.atlassian.com/api/npm/npm-remote/string-width/-/string-width-4.2.0.tgz#952182c46cc7b2c313d1596e623992bd163b72b5"
    integrity sha1-lSGCxGzHssMT0VluYjmSvRY7crU=
    dependencies:
      emoji-regex "^8.0.0"
      is-fullwidth-code-point "^3.0.0"
      strip-ansi "^6.0.0"
  
  strip-ansi@^5.1.0:
    version "5.2.0"
    resolved "https://packages.atlassian.com/api/npm/npm-remote/strip-ansi/-/strip-ansi-5.2.0.tgz#8c9a536feb6afc962bdfa5b104a5091c1ad9c0ae"
    integrity sha1-jJpTb+tq/JYr36WxBKUJHBrZwK4=
    dependencies:
      ansi-regex "^4.1.0"
  
  strip-ansi@^6.0.0:
    version "6.0.0"
    resolved "https://packages.atlassian.com/api/npm/npm-remote/strip-ansi/-/strip-ansi-6.0.0.tgz#0b1571dd7669ccd4f3e06e14ef1eed26225ae532"
    integrity sha1-CxVx3XZpzNTz4G4U7x7tJiJa5TI=
    dependencies:
      ansi-regex "^5.0.0"
  
  strip-json-comments@~2.0.1:
    version "2.0.1"
    resolved "https://packages.atlassian.com/api/npm/npm-remote/strip-json-comments/-/strip-json-comments-2.0.1.tgz#3c531942e908c2697c0ec344858c286c7ca0a60a"
    integrity sha1-PFMZQukIwml8DsNEhYwobHygpgo=
  
  supports-color@^5.5.0:
    version "5.5.0"
    resolved "https://packages.atlassian.com/api/npm/npm-remote/supports-color/-/supports-color-5.5.0.tgz#e2e69a44ac8772f78a1ec0b35b689df6530efc8f"
    integrity sha1-4uaaRKyHcveKHsCzW2id9lMO/I8=
    dependencies:
      has-flag "^3.0.0"
  
  supports-color@^7.1.0:
    version "7.1.0"
    resolved "https://packages.atlassian.com/api/npm/npm-remote/supports-color/-/supports-color-7.1.0.tgz#68e32591df73e25ad1c4b49108a2ec507962bfd1"
    integrity sha1-aOMlkd9z4lrRxLSRCKLsUHliv9E=
    dependencies:
      has-flag "^4.0.0"
  
  term-size@^2.1.0:
    version "2.2.0"
    resolved "https://packages.atlassian.com/api/npm/npm-remote/term-size/-/term-size-2.2.0.tgz#1f16adedfe9bdc18800e1776821734086fcc6753"
    integrity sha1-Hxat7f6b3BiADhd2ghc0CG/MZ1M=
  
  to-readable-stream@^1.0.0:
    version "1.0.0"
    resolved "https://packages.atlassian.com/api/npm/npm-remote/to-readable-stream/-/to-readable-stream-1.0.0.tgz#ce0aa0c2f3df6adf852efb404a783e77c0475771"
    integrity sha1-zgqgwvPfat+FLvtASng+d8BHV3E=
  
  to-regex-range@^5.0.1:
    version "5.0.1"
    resolved "https://packages.atlassian.com/api/npm/npm-remote/to-regex-range/-/to-regex-range-5.0.1.tgz#1648c44aae7c8d988a326018ed72f5b4dd0392e4"
    integrity sha1-FkjESq58jZiKMmAY7XL1tN0DkuQ=
    dependencies:
      is-number "^7.0.0"
  
  touch@^3.1.0:
    version "3.1.0"
    resolved "https://packages.atlassian.com/api/npm/npm-remote/touch/-/touch-3.1.0.tgz#fe365f5f75ec9ed4e56825e0bb76d24ab74af83b"
    integrity sha1-/jZfX3XsntTlaCXgu3bSSrdK+Ds=
    dependencies:
      nopt "~1.0.10"
  
  ts-node@^8.10.2:
    version "8.10.2"
    resolved "https://packages.atlassian.com/api/npm/npm-remote/ts-node/-/ts-node-8.10.2.tgz#eee03764633b1234ddd37f8db9ec10b75ec7fb8d"
    integrity sha1-7uA3ZGM7EjTd03+NuewQt17H+40=
    dependencies:
      arg "^4.1.0"
      diff "^4.0.1"
      make-error "^1.1.1"
      source-map-support "^0.5.17"
      yn "3.1.1"
  
  type-fest@^0.8.1:
    version "0.8.1"
    resolved "https://packages.atlassian.com/api/npm/npm-remote/type-fest/-/type-fest-0.8.1.tgz#09e249ebde851d3b1e48d27c105444667f17b83d"
    integrity sha1-CeJJ696FHTseSNJ8EFREZn8XuD0=
  
  typedarray-to-buffer@^3.1.5:
    version "3.1.5"
    resolved "https://packages.atlassian.com/api/npm/npm-remote/typedarray-to-buffer/-/typedarray-to-buffer-3.1.5.tgz#a97ee7a9ff42691b9f783ff1bc5112fe3fca9080"
    integrity sha1-qX7nqf9CaRufeD/xvFES/j/KkIA=
    dependencies:
      is-typedarray "^1.0.0"
  
  typescript@^3.9.6:
    version "3.9.6"
    resolved "https://packages.atlassian.com/api/npm/npm-remote/typescript/-/typescript-3.9.6.tgz#8f3e0198a34c3ae17091b35571d3afd31999365a"
    integrity sha1-jz4BmKNMOuFwkbNVcdOv0xmZNlo=
  
  undefsafe@^2.0.2:
    version "2.0.3"
    resolved "https://packages.atlassian.com/api/npm/npm-remote/undefsafe/-/undefsafe-2.0.3.tgz#6b166e7094ad46313b2202da7ecc2cd7cc6e7aae"
    integrity sha1-axZucJStRjE7IgLafsws18xueq4=
    dependencies:
      debug "^2.2.0"
  
  unique-string@^2.0.0:
    version "2.0.0"
    resolved "https://packages.atlassian.com/api/npm/npm-remote/unique-string/-/unique-string-2.0.0.tgz#39c6451f81afb2749de2b233e3f7c5e8843bd89d"
    integrity sha1-OcZFH4GvsnSd4rIz4/fF6IQ72J0=
    dependencies:
      crypto-random-string "^2.0.0"
  
  update-notifier@^4.0.0:
    version "4.1.0"
    resolved "https://packages.atlassian.com/api/npm/npm-remote/update-notifier/-/update-notifier-4.1.0.tgz#4866b98c3bc5b5473c020b1250583628f9a328f3"
    integrity sha1-SGa5jDvFtUc8AgsSUFg2KPmjKPM=
    dependencies:
      boxen "^4.2.0"
      chalk "^3.0.0"
      configstore "^5.0.1"
      has-yarn "^2.1.0"
      import-lazy "^2.1.0"
      is-ci "^2.0.0"
      is-installed-globally "^0.3.1"
      is-npm "^4.0.0"
      is-yarn-global "^0.3.0"
      latest-version "^5.0.0"
      pupa "^2.0.1"
      semver-diff "^3.1.1"
      xdg-basedir "^4.0.0"
  
  url-parse-lax@^3.0.0:
    version "3.0.0"
    resolved "https://packages.atlassian.com/api/npm/npm-remote/url-parse-lax/-/url-parse-lax-3.0.0.tgz#16b5cafc07dbe3676c1b1999177823d6503acb0c"
    integrity sha1-FrXK/Afb42dsGxmZF3gj1lA6yww=
    dependencies:
      prepend-http "^2.0.0"
  
  util@^0.10.3:
    version "0.10.4"
    resolved "https://packages.atlassian.com/api/npm/npm-remote/util/-/util-0.10.4.tgz#3aa0125bfe668a4672de58857d3ace27ecb76901"
    integrity sha1-OqASW/5mikZy3liFfTrOJ+y3aQE=
    dependencies:
      inherits "2.0.3"
  
  weak-map@^1.0.5:
    version "1.0.5"
    resolved "https://packages.atlassian.com/api/npm/npm-remote/weak-map/-/weak-map-1.0.5.tgz#79691584d98607f5070bd3b70a40e6bb22e401eb"
    integrity sha1-eWkVhNmGB/UHC9O3CkDmuyLkAes=
  
  widest-line@^3.1.0:
    version "3.1.0"
    resolved "https://packages.atlassian.com/api/npm/npm-remote/widest-line/-/widest-line-3.1.0.tgz#8292333bbf66cb45ff0de1603b136b7ae1496eca"
    integrity sha1-gpIzO79my0X/DeFgOxNreuFJbso=
    dependencies:
      string-width "^4.0.0"
  
  wordwrap@~0.0.2:
    version "0.0.3"
    resolved "https://packages.atlassian.com/api/npm/npm-remote/wordwrap/-/wordwrap-0.0.3.tgz#a3d5da6cd5c0bc0008d37234bbaf1bed63059107"
    integrity sha1-o9XabNXAvAAI03I0u68b7WMFkQc=
  
  wrappy@1:
    version "1.0.2"
    resolved "https://packages.atlassian.com/api/npm/npm-remote/wrappy/-/wrappy-1.0.2.tgz#b5243d8f3ec1aa35f1364605bc0d1036e30ab69f"
    integrity sha1-tSQ9jz7BqjXxNkYFvA0QNuMKtp8=
  
  write-file-atomic@^3.0.0:
    version "3.0.3"
    resolved "https://packages.atlassian.com/api/npm/npm-remote/write-file-atomic/-/write-file-atomic-3.0.3.tgz#56bd5c5a5c70481cd19c571bd39ab965a5de56e8"
    integrity sha1-Vr1cWlxwSBzRnFcb05q5ZaXeVug=
    dependencies:
      imurmurhash "^0.1.4"
      is-typedarray "^1.0.0"
      signal-exit "^3.0.2"
      typedarray-to-buffer "^3.1.5"
  
  xdg-basedir@^4.0.0:
    version "4.0.0"
    resolved "https://packages.atlassian.com/api/npm/npm-remote/xdg-basedir/-/xdg-basedir-4.0.0.tgz#4bc8d9984403696225ef83a1573cbbcb4e79db13"
    integrity sha1-S8jZmEQDaWIl74OhVzy7y0552xM=
  
  yn@3.1.1:
    version "3.1.1"
    resolved "https://packages.atlassian.com/api/npm/npm-remote/yn/-/yn-3.1.1.tgz#1e87401a09d767c1d5eab26a6e4c185182d2eb50"
    integrity sha1-HodAGgnXZ8HV6rJqbkwYUYLS61A=
